2025-01-24 09:28:37,338 - INFO - Loading model and tokenizer: alimotahharynia/DrugGen
2025-01-24 09:31:17,979 - INFO - Dataset loaded and processed successfully.
2025-01-24 09:31:18,542 - INFO - HTTP Request: GET http://127.0.0.1:7860/gradio_api/startup-events "HTTP/1.1 200 OK"
2025-01-24 09:31:18,561 - INFO - HTTP Request: HEAD http://127.0.0.1:7860/ "HTTP/1.1 200 OK"
2025-01-24 09:31:19,274 - INFO - HTTP Request: GET https://api.gradio.app/pkg-version "HTTP/1.1 200 OK"
2025-01-24 09:32:41,422 - INFO - Generating SMILES for sequence: MVLSPADKTN...
2025-01-24 09:33:13,920 - INFO - Small molecules generation completed. Generated 10 Small molecules.
2025-01-24 09:33:13,921 - INFO - Generating SMILES for sequence: MVLSPADKTN...
2025-01-24 09:33:48,790 - INFO - Small molecules generation completed. Generated 12 Small molecules.
2025-01-24 10:17:38,728 - INFO - Loading model and tokenizer: alimotahharynia/DrugGen
2025-01-24 10:17:44,104 - INFO - Dataset loaded and processed successfully.
2025-01-24 10:17:45,056 - INFO - HTTP Request: GET http://127.0.0.1:7860/gradio_api/startup-events "HTTP/1.1 200 OK"
2025-01-24 10:17:45,086 - INFO - HTTP Request: HEAD http://127.0.0.1:7860/ "HTTP/1.1 200 OK"
2025-01-24 10:17:45,479 - INFO - HTTP Request: GET https://api.gradio.app/pkg-version "HTTP/1.1 200 OK"
2025-01-24 10:18:58,980 - INFO - Generating SMILES for sequence: MALWMRLLPL...
2025-01-24 10:19:15,520 - INFO - Small molecules generation completed. Generated 12 Small molecules.
2025-01-24 10:19:15,520 - INFO - Generating SMILES for sequence: MALWMRLLPL...
2025-01-24 10:19:34,650 - INFO - Small molecules generation completed. Generated 12 Small molecules.
2025-01-24 10:21:55,299 - INFO - Generating SMILES for sequence: MALWMRLLPL...
2025-01-24 10:22:01,710 - INFO - Small molecules generation completed. Generated 5 Small molecules.
2025-01-24 10:22:01,710 - INFO - Generating SMILES for sequence: MALWMRLLPL...
2025-01-24 10:22:05,350 - INFO - Small molecules generation completed. Generated 3 Small molecules.
2025-01-24 10:23:54,095 - INFO - Loading model and tokenizer: alimotahharynia/DrugGen
2025-01-24 10:24:02,562 - INFO - Dataset loaded and processed successfully.
2025-01-24 10:24:03,504 - INFO - HTTP Request: GET http://127.0.0.1:7860/gradio_api/startup-events "HTTP/1.1 200 OK"
2025-01-24 10:24:03,523 - INFO - HTTP Request: HEAD http://127.0.0.1:7860/ "HTTP/1.1 200 OK"
2025-01-24 10:24:04,021 - INFO - HTTP Request: GET https://api.gradio.app/pkg-version "HTTP/1.1 200 OK"
2025-01-24 10:24:36,931 - INFO - Generating SMILES for sequence: MALWMRLLPL...
2025-01-24 10:24:40,918 - INFO - Small molecules generation completed. Generated 6 Small molecules.
2025-01-24 10:24:40,919 - INFO - Generating SMILES for sequence: MALWMRLLPL...
2025-01-24 10:24:44,509 - INFO - Small molecules generation completed. Generated 4 Small molecules.
2025-01-24 10:25:12,563 - INFO - Generating SMILES for sequence: MALWMRLLPL...
2025-01-24 10:25:19,026 - INFO - Small molecules generation completed. Generated 5 Small molecules.
2025-01-24 10:25:19,027 - INFO - Generating SMILES for sequence: MALWMRLLPL...
2025-01-24 10:25:31,923 - INFO - Small molecules generation completed. Generated 6 Small molecules.
2025-01-24 10:28:48,079 - INFO - Generating SMILES for sequence: MSKGEELFTG...
2025-01-24 10:29:09,613 - INFO - Small molecules generation completed. Generated 9 Small molecules.
2025-01-24 10:30:56,123 - INFO - Loading model and tokenizer: alimotahharynia/DrugGen
2025-01-24 10:31:01,210 - INFO - Dataset loaded and processed successfully.
2025-01-24 10:31:02,667 - INFO - HTTP Request: GET https://api.gradio.app/pkg-version "HTTP/1.1 200 OK"
2025-01-24 10:34:10,978 - INFO - Loading model and tokenizer: alimotahharynia/DrugGen
2025-01-24 10:34:15,832 - INFO - Dataset loaded and processed successfully.
2025-01-24 10:34:16,424 - INFO - HTTP Request: GET http://127.0.0.1:7860/gradio_api/startup-events "HTTP/1.1 200 OK"
2025-01-24 10:34:16,432 - INFO - HTTP Request: HEAD http://127.0.0.1:7860/ "HTTP/1.1 200 OK"
2025-01-24 10:34:17,174 - INFO - HTTP Request: GET https://api.gradio.app/pkg-version "HTTP/1.1 200 OK"
2025-01-24 10:35:09,356 - INFO - Generating SMILES for sequence: KCVEGSKGPV...
2025-01-24 10:35:16,505 - INFO - Small molecules generation completed. Generated 7 Small molecules.
2025-01-24 10:41:00,271 - INFO - Generating SMILES for sequence: MVLSPADKTN...
2025-01-24 10:41:07,682 - INFO - Small molecules generation completed. Generated 6 Small molecules.
2025-01-24 10:41:07,682 - INFO - Generating SMILES for sequence: MVHLTPEEKS...
2025-01-24 10:41:13,218 - INFO - Small molecules generation completed. Generated 6 Small molecules.
2025-01-24 10:42:26,160 - INFO - Generating SMILES for sequence: MGGEEDEEEE...
2025-01-24 10:42:33,831 - INFO - Small molecules generation completed. Generated 6 Small molecules.
2025-01-24 11:05:24,316 - INFO - Loading model and tokenizer: alimotahharynia/DrugGen
2025-01-24 11:05:29,603 - INFO - Dataset loaded and processed successfully.
2025-01-24 11:05:30,184 - INFO - HTTP Request: GET http://127.0.0.1:7860/gradio_api/startup-events "HTTP/1.1 200 OK"
2025-01-24 11:05:30,214 - INFO - HTTP Request: HEAD http://127.0.0.1:7860/ "HTTP/1.1 200 OK"
2025-01-24 11:05:30,914 - INFO - HTTP Request: GET https://api.gradio.app/pkg-version "HTTP/1.1 200 OK"
2025-01-24 11:09:20,246 - INFO - Generating SMILES for sequence: MGGEEDEEEE...
2025-01-24 11:09:36,980 - INFO - Small molecules generation completed. Generated 6 Small molecules.
2025-01-24 11:10:39,152 - INFO - Generating SMILES for sequence: MKGTIIKALG...
2025-01-24 11:11:01,155 - INFO - Small molecules generation completed. Generated 11 Small molecules.
2025-01-24 11:11:01,157 - INFO - Generating SMILES for sequence: MSALGAVIAL...
2025-01-24 11:11:19,200 - INFO - Small molecules generation completed. Generated 11 Small molecules.
2025-01-24 11:23:39,456 - INFO - Generating SMILES for sequence: MKGTIIKALG...
2025-01-24 11:23:55,741 - INFO - Small molecules generation completed. Generated 11 Small molecules.
2025-01-24 11:23:55,742 - INFO - Generating SMILES for sequence: MSALGAVIAL...
2025-01-24 11:24:08,795 - INFO - Small molecules generation completed. Generated 10 Small molecules.
2025-01-24 11:27:42,609 - INFO - Generating SMILES for sequence: MKGTIIKALG...
2025-01-24 11:27:50,133 - INFO - Small molecules generation completed. Generated 5 Small molecules.
2025-01-24 11:27:50,135 - INFO - Generating SMILES for sequence: MSALGAVIAL...
2025-01-24 11:28:11,415 - INFO - Small molecules generation completed. Generated 8 Small molecules.
2025-01-25 03:35:25,626 - INFO - Loading model and tokenizer: alimotahharynia/DrugGen
2025-01-25 03:35:31,646 - INFO - Dataset loaded and processed successfully.
2025-01-25 03:35:32,080 - INFO - HTTP Request: GET http://127.0.0.1:7860/gradio_api/startup-events "HTTP/1.1 200 OK"
2025-01-25 03:35:32,194 - INFO - HTTP Request: HEAD http://127.0.0.1:7860/ "HTTP/1.1 200 OK"
2025-01-25 03:35:32,954 - INFO - HTTP Request: GET https://api.gradio.app/pkg-version "HTTP/1.1 200 OK"
2025-01-25 04:56:55,944 - INFO - Loading model and tokenizer: alimotahharynia/DrugGen
2025-01-25 04:57:01,374 - INFO - Dataset loaded and processed successfully.
2025-01-25 04:58:23,398 - INFO - Loading model and tokenizer: alimotahharynia/DrugGen
2025-01-25 04:58:28,519 - INFO - Dataset loaded and processed successfully.
2025-01-25 04:58:53,234 - INFO - Loading model and tokenizer: alimotahharynia/DrugGen
2025-01-25 04:58:59,870 - INFO - Dataset loaded and processed successfully.
2025-01-25 04:59:50,567 - INFO - Loading model and tokenizer: alimotahharynia/DrugGen
2025-01-25 04:59:55,715 - INFO - Dataset loaded and processed successfully.
2025-01-25 05:00:27,782 - INFO - Loading model and tokenizer: alimotahharynia/DrugGen
2025-01-25 05:00:33,035 - INFO - Dataset loaded and processed successfully.
2025-01-25 05:00:33,538 - INFO - HTTP Request: GET http://127.0.0.1:7861/gradio_api/startup-events "HTTP/1.1 200 OK"
2025-01-25 05:00:33,558 - INFO - HTTP Request: HEAD http://127.0.0.1:7861/ "HTTP/1.1 200 OK"
2025-01-25 05:00:34,356 - INFO - HTTP Request: GET https://api.gradio.app/pkg-version "HTTP/1.1 200 OK"
